{
  "RSpec": {
    "coverage": {
      "/Users/annhall/Desktop/DPL/week5/bucket_testing/app/channels/application_cable/channel.rb": [
        0,
        0,
        0,
        0
      ],
      "/Users/annhall/Desktop/DPL/week5/bucket_testing/app/channels/application_cable/connection.rb": [
        0,
        0,
        0,
        0
      ],
      "/Users/annhall/Desktop/DPL/week5/bucket_testing/app/controllers/application_controller.rb": [
        0,
        0,
        0,
        0,
        0,
        0,
        0,
        0
      ],
      "/Users/annhall/Desktop/DPL/week5/bucket_testing/app/controllers/buckets_controller.rb": [
        0,
        0,
        0,
        0,
        0,
        0,
        0,
        0,
        0,
        0,
        0,
        0,
        0,
        0,
        0,
        0,
        0,
        0,
        0,
        0,
        0,
        0,
        0,
        0,
        0,
        0,
        0,
        0,
        0,
        0,
        0,
        0,
        0,
        0,
        0,
        0,
        0,
        0,
        0,
        0,
        0,
        0,
        0,
        0,
        0,
        0,
        0,
        0,
        0,
        0,
        0,
        0,
        0,
        0
      ],
      "/Users/annhall/Desktop/DPL/week5/bucket_testing/app/controllers/home_controller.rb": [
        0,
        0,
        0,
        0
      ],
      "/Users/annhall/Desktop/DPL/week5/bucket_testing/app/controllers/lists_controller.rb": [
        0,
        0,
        0,
        0,
        0,
        0,
        0,
        0,
        0,
        0,
        0,
        0,
        0,
        0,
        0,
        0,
        0,
        0,
        0,
        0,
        0,
        0,
        0,
        0,
        0,
        0,
        0,
        0,
        0,
        0,
        0,
        0,
        0,
        0,
        0,
        0,
        0,
        0,
        0,
        0,
        0,
        0,
        0,
        0,
        0,
        0,
        0,
        0,
        0
      ],
      "/Users/annhall/Desktop/DPL/week5/bucket_testing/app/controllers/users/confirmations_controller.rb": [
        0,
        0,
        0,
        0,
        0,
        0,
        0,
        0,
        0,
        0,
        0,
        0,
        0,
        0,
        0,
        0,
        0,
        0,
        0,
        0,
        0,
        0,
        0,
        0,
        0,
        0,
        0,
        0
      ],
      "/Users/annhall/Desktop/DPL/week5/bucket_testing/app/controllers/users/omniauth_callbacks_controller.rb": [
        0,
        0,
        0,
        0,
        0,
        0,
        0,
        0,
        0,
        0,
        0,
        0,
        0,
        0,
        0,
        0,
        0,
        0,
        0,
        0,
        0,
        0,
        0,
        0,
        0,
        0,
        0,
        0
      ],
      "/Users/annhall/Desktop/DPL/week5/bucket_testing/app/controllers/users/passwords_controller.rb": [
        0,
        0,
        0,
        0,
        0,
        0,
        0,
        0,
        0,
        0,
        0,
        0,
        0,
        0,
        0,
        0,
        0,
        0,
        0,
        0,
        0,
        0,
        0,
        0,
        0,
        0,
        0,
        0,
        0,
        0,
        0,
        0
      ],
      "/Users/annhall/Desktop/DPL/week5/bucket_testing/app/controllers/users/registrations_controller.rb": [
        0,
        0,
        0,
        0,
        0,
        0,
        0,
        0,
        0,
        0,
        0,
        0,
        0,
        0,
        0,
        0,
        0,
        0,
        0,
        0,
        0,
        0,
        0,
        0,
        0,
        0,
        0,
        0,
        0,
        0,
        0,
        0,
        0,
        0,
        0,
        0,
        0,
        0,
        0,
        0,
        0,
        0,
        0,
        0,
        0,
        0,
        0,
        0,
        0,
        0,
        0,
        0,
        0,
        0,
        0,
        0,
        0,
        0,
        0,
        0,
        0,
        0,
        0,
        0,
        0,
        0,
        0,
        0,
        0,
        0,
        0,
        0,
        0,
        0,
        0,
        0,
        0,
        0,
        0,
        0,
        0,
        0,
        0,
        0,
        0,
        0,
        0
      ],
      "/Users/annhall/Desktop/DPL/week5/bucket_testing/app/controllers/users/sessions_controller.rb": [
        0,
        0,
        0,
        0,
        0,
        0,
        0,
        0,
        0,
        0,
        0,
        0,
        0,
        0,
        0,
        0,
        0,
        0,
        0,
        0,
        0,
        0,
        0,
        0,
        0
      ],
      "/Users/annhall/Desktop/DPL/week5/bucket_testing/app/controllers/users/unlocks_controller.rb": [
        0,
        0,
        0,
        0,
        0,
        0,
        0,
        0,
        0,
        0,
        0,
        0,
        0,
        0,
        0,
        0,
        0,
        0,
        0,
        0,
        0,
        0,
        0,
        0,
        0,
        0,
        0,
        0
      ],
      "/Users/annhall/Desktop/DPL/week5/bucket_testing/app/helpers/application_helper.rb": [
        0,
        0
      ],
      "/Users/annhall/Desktop/DPL/week5/bucket_testing/app/helpers/buckets_helper.rb": [
        0,
        0
      ],
      "/Users/annhall/Desktop/DPL/week5/bucket_testing/app/helpers/home_helper.rb": [
        0,
        0
      ],
      "/Users/annhall/Desktop/DPL/week5/bucket_testing/app/helpers/lists_helper.rb": [
        0,
        0
      ],
      "/Users/annhall/Desktop/DPL/week5/bucket_testing/app/jobs/application_job.rb": [
        0,
        0
      ],
      "/Users/annhall/Desktop/DPL/week5/bucket_testing/app/mailers/application_mailer.rb": [
        0,
        0,
        0,
        0
      ],
      "/Users/annhall/Desktop/DPL/week5/bucket_testing/app/models/application_record.rb": [
        0,
        0,
        0
      ],
      "/Users/annhall/Desktop/DPL/week5/bucket_testing/app/models/bucket.rb": [
        0,
        0,
        0,
        0,
        0,
        0,
        0,
        0,
        0
      ],
      "/Users/annhall/Desktop/DPL/week5/bucket_testing/app/models/list.rb": [
        0,
        0,
        0,
        0,
        0
      ],
      "/Users/annhall/Desktop/DPL/week5/bucket_testing/app/models/user.rb": [
        0,
        0,
        0,
        0,
        0,
        0,
        0
      ]
    },
    "timestamp": 1472586754
  }
}
